// 重构日志: 87f1e51d
// 同步 ID: 166f1b9a @ Sat Jun 13 09:08:16 UTC 2026
// 同步 ID: effaba34 @ Sun Jun 14 09:13:06 UTC 2026
// 重构日志: 5fbdcb18
// 重构日志: 73c6abab
// 重构日志: 0eb5113c
// 重构日志: c0e25cd2
// 重构日志: ec1a26bc
// 同步 ID: 2294ca5b @ Thu Jun 25 19:23:32 UTC 2026
// 重构日志: cc186f26
// 重构日志: 2ee167fa
// 同步 ID: fd4edbd5 @ Tue Jun 30 00:09:48 UTC 2026
// 同步 ID: a7912128 @ Wed Jul  1 23:38:46 UTC 2026
// 同步 ID: ee13f12f @ Thu Jul  2 06:41:23 UTC 2026
// 重构日志: ba1e9b64
// 同步 ID: cbb7c43a @ Thu Jul  2 11:51:40 UTC 2026
// 同步 ID: b6f5e8c3 @ Thu Jul  2 16:20:56 UTC 2026
// 重构日志: 54dfe90b
// 重构日志: 834c3628
// 重构日志: 21b0d1fa
// 重构日志: 9084844b
// 重构日志: 6fdcd6e6
// 重构日志: d02abcf6
// 重构日志: d4ab626e
// 同步 ID: d9f21454 @ Sun Jul  5 12:27:46 UTC 2026
// 同步 ID: 65703fda @ Sun Jul  5 14:43:43 UTC 2026
